0 info it worked if it ends with ok
1 verbose cli [ 'C:\\Program Files\\nodejs\\node.exe',
1 verbose cli   'C:\\ProgramData\\Microsoft\\VisualStudio\\MDA\\44cac3f2\\taco-toolset-6.3.1\\node_modules\\npm\\bin\\npm-cli.js',
1 verbose cli   'install',
1 verbose cli   '-g',
1 verbose cli   '@angular/cli' ]
2 info using npm@2.15.10
3 info using node@v8.11.3
4 verbose install initial load of C:\ProgramData\Microsoft\VisualStudio\MDA\44cac3f2\taco-toolset-6.3.1\package.json
5 warn package.json taco-toolset@6.3.1 No description
6 warn package.json taco-toolset@6.3.1 No repository field.
7 warn package.json taco-toolset@6.3.1 No README data
8 verbose readDependencies loading dependencies from C:\ProgramData\Microsoft\VisualStudio\MDA\44cac3f2\taco-toolset-6.3.1\package.json
9 verbose readDependencies npm-shrinkwrap.json is overriding dependencies
10 info shrinkwrap file "C:\\ProgramData\\Microsoft\\VisualStudio\\MDA\\44cac3f2\\taco-toolset-6.3.1\\npm-shrinkwrap.json"
11 verbose readDependencies returned deps { abbrev: 'https://registry.npmjs.org/abbrev/-/abbrev-1.0.9.tgz',
11 verbose readDependencies returned deps   accepts: 'https://registry.npmjs.org/accepts/-/accepts-1.3.3.tgz',
11 verbose readDependencies returned deps   acorn: 'https://registry.npmjs.org/acorn/-/acorn-1.2.2.tgz',
11 verbose readDependencies returned deps   after: 'https://registry.npmjs.org/after/-/after-0.8.1.tgz',
11 verbose readDependencies returned deps   aliasify: 'https://registry.npmjs.org/aliasify/-/aliasify-1.9.0.tgz',
11 verbose readDependencies returned deps   amdefine: 'https://registry.npmjs.org/amdefine/-/amdefine-1.0.0.tgz',
11 verbose readDependencies returned deps   ansi: 'https://registry.npmjs.org/ansi/-/ansi-0.3.1.tgz',
11 verbose readDependencies returned deps   'ansi-escapes': 'https://registry.npmjs.org/ansi-escapes/-/ansi-escapes-1.4.0.tgz',
11 verbose readDependencies returned deps   'ansi-regex': 'https://registry.npmjs.org/ansi-regex/-/ansi-regex-2.0.0.tgz',
11 verbose readDependencies returned deps   'ansi-styles': 'https://registry.npmjs.org/ansi-styles/-/ansi-styles-2.2.1.tgz',
11 verbose readDependencies returned deps   'array-filter': 'https://registry.npmjs.org/array-filter/-/array-filter-0.0.1.tgz',
11 verbose readDependencies returned deps   'array-flatten': 'https://registry.npmjs.org/array-flatten/-/array-flatten-1.1.1.tgz',
11 verbose readDependencies returned deps   'array-map': 'https://registry.npmjs.org/array-map/-/array-map-0.0.0.tgz',
11 verbose readDependencies returned deps   'array-reduce': 'https://registry.npmjs.org/array-reduce/-/array-reduce-0.0.0.tgz',
11 verbose readDependencies returned deps   'arraybuffer.slice': 'https://registry.npmjs.org/arraybuffer.slice/-/arraybuffer.slice-0.0.6.tgz',
11 verbose readDependencies returned deps   asn1: 'https://registry.npmjs.org/asn1/-/asn1-0.1.11.tgz',
11 verbose readDependencies returned deps   'asn1.js': 'https://registry.npmjs.org/asn1.js/-/asn1.js-4.8.0.tgz',
11 verbose readDependencies returned deps   assert: 'https://registry.npmjs.org/assert/-/assert-1.3.0.tgz',
11 verbose readDependencies returned deps   'assert-plus': 'https://registry.npmjs.org/assert-plus/-/assert-plus-0.1.5.tgz',
11 verbose readDependencies returned deps   astw: 'https://registry.npmjs.org/astw/-/astw-2.0.0.tgz',
11 verbose readDependencies returned deps   async: 'https://registry.npmjs.org/async/-/async-0.9.2.tgz',
11 verbose readDependencies returned deps   'aws-sign2': 'https://registry.npmjs.org/aws-sign2/-/aws-sign2-0.5.0.tgz',
11 verbose readDependencies returned deps   aws4: 'https://registry.npmjs.org/aws4/-/aws4-1.4.1.tgz',
11 verbose readDependencies returned deps   backo2: 'https://registry.npmjs.org/backo2/-/backo2-1.0.2.tgz',
11 verbose readDependencies returned deps   'balanced-match': 'https://registry.npmjs.org/balanced-match/-/balanced-match-0.4.2.tgz',
11 verbose readDependencies returned deps   Base64: 'https://registry.npmjs.org/Base64/-/Base64-0.2.1.tgz',
11 verbose readDependencies returned deps   'base64-arraybuffer': 'https://registry.npmjs.org/base64-arraybuffer/-/base64-arraybuffer-0.1.2.tgz',
11 verbose readDependencies returned deps   'base64-js': 'https://registry.npmjs.org/base64-js/-/base64-js-0.0.8.tgz',
11 verbose readDependencies returned deps   base64id: 'https://registry.npmjs.org/base64id/-/base64id-0.1.0.tgz',
11 verbose readDependencies returned deps   benchmark: 'https://registry.npmjs.org/benchmark/-/benchmark-1.0.0.tgz',
11 verbose readDependencies returned deps   'better-assert': 'https://registry.npmjs.org/better-assert/-/better-assert-1.0.2.tgz',
11 verbose readDependencies returned deps   'big-integer': 'https://registry.npmjs.org/big-integer/-/big-integer-1.6.15.tgz',
11 verbose readDependencies returned deps   bl: 'https://registry.npmjs.org/bl/-/bl-0.9.5.tgz',
11 verbose readDependencies returned deps   blob: 'https://registry.npmjs.org/blob/-/blob-0.0.4.tgz',
11 verbose readDependencies returned deps   'block-stream': 'https://registry.npmjs.org/block-stream/-/block-stream-0.0.9.tgz',
11 verbose readDependencies returned deps   'bn.js': 'https://registry.npmjs.org/bn.js/-/bn.js-4.11.6.tgz',
11 verbose readDependencies returned deps   boom: 'https://registry.npmjs.org/boom/-/boom-0.4.2.tgz',
11 verbose readDependencies returned deps   'bplist-creator': 'https://registry.npmjs.org/bplist-creator/-/bplist-creator-0.0.4.tgz',
11 verbose readDependencies returned deps   'bplist-parser': 'https://registry.npmjs.org/bplist-parser/-/bplist-parser-0.1.1.tgz',
11 verbose readDependencies returned deps   'brace-expansion': 'https://registry.npmjs.org/brace-expansion/-/brace-expansion-1.1.6.tgz',
11 verbose readDependencies returned deps   brorand: 'https://registry.npmjs.org/brorand/-/brorand-1.0.5.tgz',
11 verbose readDependencies returned deps   'browser-pack': 'https://registry.npmjs.org/browser-pack/-/browser-pack-4.0.4.tgz',
11 verbose readDependencies returned deps   'browser-resolve': 'https://registry.npmjs.org/browser-resolve/-/browser-resolve-1.11.2.tgz',
11 verbose readDependencies returned deps   browserify: 'https://registry.npmjs.org/browserify/-/browserify-10.1.3.tgz',
11 verbose readDependencies returned deps   'browserify-aes': 'https://registry.npmjs.org/browserify-aes/-/browserify-aes-1.0.6.tgz',
11 verbose readDependencies returned deps   'browserify-cipher': 'https://registry.npmjs.org/browserify-cipher/-/browserify-cipher-1.0.0.tgz',
11 verbose readDependencies returned deps   'browserify-des': 'https://registry.npmjs.org/browserify-des/-/browserify-des-1.0.0.tgz',
11 verbose readDependencies returned deps   'browserify-rsa': 'https://registry.npmjs.org/browserify-rsa/-/browserify-rsa-4.0.1.tgz',
11 verbose readDependencies returned deps   'browserify-sign': 'https://registry.npmjs.org/browserify-sign/-/browserify-sign-4.0.0.tgz',
11 verbose readDependencies returned deps   'browserify-transform-tools': 'https://registry.npmjs.org/browserify-transform-tools/-/browserify-transform-tools-1.5.3.tgz',
11 verbose readDependencies returned deps   'browserify-zlib': 'https://registry.npmjs.org/browserify-zlib/-/browserify-zlib-0.1.4.tgz',
11 verbose readDependencies returned deps   buffer: 'https://registry.npmjs.org/buffer/-/buffer-3.6.0.tgz',
11 verbose readDependencies returned deps   'buffer-shims': 'https://registry.npmjs.org/buffer-shims/-/buffer-shims-1.0.0.tgz',
11 verbose readDependencies returned deps   'buffer-xor': 'https://registry.npmjs.org/buffer-xor/-/buffer-xor-1.0.3.tgz',
11 verbose readDependencies returned deps   'builtin-modules': 'https://registry.npmjs.org/builtin-modules/-/builtin-modules-1.1.1.tgz',
11 verbose readDependencies returned deps   'builtin-status-codes': 'https://registry.npmjs.org/builtin-status-codes/-/builtin-status-codes-2.0.0.tgz',
11 verbose readDependencies returned deps   builtins: 'https://registry.npmjs.org/builtins/-/builtins-0.0.7.tgz',
11 verbose readDependencies returned deps   bytes: 'https://registry.npmjs.org/bytes/-/bytes-2.3.0.tgz',
11 verbose readDependencies returned deps   callsite: 'https://registry.npmjs.org/callsite/-/callsite-1.0.0.tgz',
11 verbose readDependencies returned deps   caseless: 'https://registry.npmjs.org/caseless/-/caseless-0.6.0.tgz',
11 verbose readDependencies returned deps   chalk: 'https://registry.npmjs.org/chalk/-/chalk-1.1.3.tgz',
11 verbose readDependencies returned deps   'cipher-base': 'https://registry.npmjs.org/cipher-base/-/cipher-base-1.0.2.tgz',
11 verbose readDependencies returned deps   'cli-cursor': 'https://registry.npmjs.org/cli-cursor/-/cli-cursor-1.0.2.tgz',
11 verbose readDependencies returned deps   'cli-width': 'https://registry.npmjs.org/cli-width/-/cli-width-1.1.1.tgz',
11 verbose readDependencies returned deps   'code-point-at': 'https://registry.npmjs.org/code-point-at/-/code-point-at-1.0.0.tgz',
11 verbose readDependencies returned deps   'combine-source-map': 'https://registry.npmjs.org/combine-source-map/-/combine-source-map-0.3.0.tgz',
11 verbose readDependencies returned deps   'combined-stream': 'https://registry.npmjs.org/combined-stream/-/combined-stream-0.0.7.tgz',
11 verbose readDependencies returned deps   commander: 'https://registry.npmjs.org/commander/-/commander-2.9.0.tgz',
11 verbose readDependencies returned deps   commondir: 'https://registry.npmjs.org/commondir/-/commondir-0.0.1.tgz',
11 verbose readDependencies returned deps   'component-bind': 'https://registry.npmjs.org/component-bind/-/component-bind-1.0.0.tgz',
11 verbose readDependencies returned deps   'component-emitter': 'https://registry.npmjs.org/component-emitter/-/component-emitter-1.1.2.tgz',
11 verbose readDependencies returned deps   'component-inherit': 'https://registry.npmjs.org/component-inherit/-/component-inherit-0.0.3.tgz',
11 verbose readDependencies returned deps   compressible: 'https://registry.npmjs.org/compressible/-/compressible-2.0.8.tgz',
11 verbose readDependencies returned deps   compression: 'https://registry.npmjs.org/compression/-/compression-1.6.2.tgz',
11 verbose readDependencies returned deps   'concat-map': 'https://registry.npmjs.org/concat-map/-/concat-map-0.0.1.tgz',
11 verbose readDependencies returned deps   'concat-stream': 'https://registry.npmjs.org/concat-stream/-/concat-stream-1.4.10.tgz',
11 verbose readDependencies returned deps   configstore: 'https://registry.npmjs.org/configstore/-/configstore-1.4.0.tgz',
11 verbose readDependencies returned deps   'console-browserify': 'https://registry.npmjs.org/console-browserify/-/console-browserify-1.1.0.tgz',
11 verbose readDependencies returned deps   'constants-browserify': 'https://registry.npmjs.org/constants-browserify/-/constants-browserify-0.0.1.tgz',
11 verbose readDependencies returned deps   'content-disposition': 'https://registry.npmjs.org/content-disposition/-/content-disposition-0.5.1.tgz',
11 verbose readDependencies returned deps   'content-type': 'https://registry.npmjs.org/content-type/-/content-type-1.0.2.tgz',
11 verbose readDependencies returned deps   'convert-source-map': 'https://registry.npmjs.org/convert-source-map/-/convert-source-map-0.3.5.tgz',
11 verbose readDependencies returned deps   cookie: 'https://registry.npmjs.org/cookie/-/cookie-0.3.1.tgz',
11 verbose readDependencies returned deps   'cookie-signature': 'https://registry.npmjs.org/cookie-signature/-/cookie-signature-1.0.6.tgz',
11 verbose readDependencies returned deps   cordova: 'https://registry.npmjs.org/cordova/-/cordova-6.3.1.tgz',
11 verbose readDependencies returned deps   'cordova-app-hello-world': 'https://registry.npmjs.org/cordova-app-hello-world/-/cordova-app-hello-world-3.10.0.tgz',
11 verbose readDependencies returned deps   'cordova-common': 'https://registry.npmjs.org/cordova-common/-/cordova-common-1.4.1.tgz',
11 verbose readDependencies returned deps   'cordova-fetch': 'https://registry.npmjs.org/cordova-fetch/-/cordova-fetch-1.0.1.tgz',
11 verbose readDependencies returned deps   'cordova-js': 'https://registry.npmjs.org/cordova-js/-/cordova-js-4.1.4.tgz',
11 verbose readDependencies returned deps   'cordova-lib': 'https://registry.npmjs.org/cordova-lib/-/cordova-lib-6.3.1.tgz',
11 verbose readDependencies returned deps   'cordova-registry-mapper': 'https://registry.npmjs.org/cordova-registry-mapper/-/cordova-registry-mapper-1.1.15.tgz',
11 verbose readDependencies returned deps   'cordova-serve': 'https://registry.npmjs.org/cordova-serve/-/cordova-serve-1.0.1.tgz',
11 verbose readDependencies returned deps   'cordova-simulate': 'https://registry.npmjs.org/cordova-simulate/-/cordova-simulate-0.3.13.tgz',
11 verbose readDependencies returned deps   'core-util-is': 'https://registry.npmjs.org/core-util-is/-/core-util-is-1.0.2.tgz',
11 verbose readDependencies returned deps   'create-ecdh': 'https://registry.npmjs.org/create-ecdh/-/create-ecdh-4.0.0.tgz',
11 verbose readDependencies returned deps   'create-hash': 'https://registry.npmjs.org/create-hash/-/create-hash-1.1.2.tgz',
11 verbose readDependencies returned deps   'create-hmac': 'https://registry.npmjs.org/create-hmac/-/create-hmac-1.1.4.tgz',
11 verbose readDependencies returned deps   cryptiles: 'https://registry.npmjs.org/cryptiles/-/cryptiles-0.2.2.tgz',
11 verbose readDependencies returned deps   'crypto-browserify': 'https://registry.npmjs.org/crypto-browserify/-/crypto-browserify-3.11.0.tgz',
11 verbose readDependencies returned deps   'csp-parse': 'https://registry.npmjs.org/csp-parse/-/csp-parse-0.0.2.tgz',
11 verbose readDependencies returned deps   ctype: 'https://registry.npmjs.org/ctype/-/ctype-0.5.3.tgz',
11 verbose readDependencies returned deps   dashdash: 'https://registry.npmjs.org/dashdash/-/dashdash-1.14.0.tgz',
11 verbose readDependencies returned deps   'date-now': 'https://registry.npmjs.org/date-now/-/date-now-0.1.4.tgz',
11 verbose readDependencies returned deps   debug: 'https://registry.npmjs.org/debug/-/debug-2.2.0.tgz',
11 verbose readDependencies returned deps   'deep-equal': 'https://registry.npmjs.org/deep-equal/-/deep-equal-1.0.1.tgz',
11 verbose readDependencies returned deps   'deep-extend': 'https://registry.npmjs.org/deep-extend/-/deep-extend-0.4.1.tgz',
11 verbose readDependencies returned deps   defined: 'https://registry.npmjs.org/defined/-/defined-1.0.0.tgz',
11 verbose readDependencies returned deps   'delayed-stream': 'https://registry.npmjs.org/delayed-stream/-/delayed-stream-0.0.5.tgz',
11 verbose readDependencies returned deps   'dep-graph': 'https://registry.npmjs.org/dep-graph/-/dep-graph-1.1.0.tgz',
11 verbose readDependencies returned deps   depd: 'https://registry.npmjs.org/depd/-/depd-1.1.0.tgz',
11 verbose readDependencies returned deps   'dependency-ls': 'https://registry.npmjs.org/dependency-ls/-/dependency-ls-1.0.0.tgz',
11 verbose readDependencies returned deps   'deps-sort': 'https://registry.npmjs.org/deps-sort/-/deps-sort-1.3.9.tgz',
11 verbose readDependencies returned deps   'des.js': 'https://registry.npmjs.org/des.js/-/des.js-1.0.0.tgz',
11 verbose readDependencies returned deps   destroy: 'https://registry.npmjs.org/destroy/-/destroy-1.0.4.tgz',
11 verbose readDependencies returned deps   detective: 'https://registry.npmjs.org/detective/-/detective-4.3.1.tgz',
11 verbose readDependencies returned deps   'diffie-hellman': 'https://registry.npmjs.org/diffie-hellman/-/diffie-hellman-5.0.2.tgz',
11 verbose readDependencies returned deps   'domain-browser': 'https://registry.npmjs.org/domain-browser/-/domain-browser-1.1.7.tgz',
11 verbose readDependencies returned deps   duplexer2: 'https://registry.npmjs.org/duplexer2/-/duplexer2-0.0.2.tgz',
11 verbose readDependencies returned deps   duplexify: 'https://registry.npmjs.org/duplexify/-/duplexify-3.4.5.tgz',
11 verbose readDependencies returned deps   'ecc-jsbn': 'https://registry.npmjs.org/ecc-jsbn/-/ecc-jsbn-0.1.1.tgz',
11 verbose readDependencies returned deps   'ee-first': 'https://registry.npmjs.org/ee-first/-/ee-first-1.1.1.tgz',
11 verbose readDependencies returned deps   elementtree: 'https://registry.npmjs.org/elementtree/-/elementtree-0.1.6.tgz',
11 verbose readDependencies returned deps   elliptic: 'https://registry.npmjs.org/elliptic/-/elliptic-6.3.1.tgz',
11 verbose readDependencies returned deps   encodeurl: 'https://registry.npmjs.org/encodeurl/-/encodeurl-1.0.1.tgz',
11 verbose readDependencies returned deps   'end-of-stream': 'https://registry.npmjs.org/end-of-stream/-/end-of-stream-1.0.0.tgz',
11 verbose readDependencies returned deps   'engine.io': 'https://registry.npmjs.org/engine.io/-/engine.io-1.6.11.tgz',
11 verbose readDependencies returned deps   'engine.io-client': 'https://registry.npmjs.org/engine.io-client/-/engine.io-client-1.6.11.tgz',
11 verbose readDependencies returned deps   'engine.io-parser': 'https://registry.npmjs.org/engine.io-parser/-/engine.io-parser-1.2.4.tgz',
11 verbose readDependencies returned deps   'escape-html': 'https://registry.npmjs.org/escape-html/-/escape-html-1.0.3.tgz',
11 verbose readDependencies returned deps   'escape-string-regexp': 'https://registry.npmjs.org/escape-string-regexp/-/escape-string-regexp-1.0.5.tgz',
11 verbose readDependencies returned deps   etag: 'https://registry.npmjs.org/etag/-/etag-1.7.0.tgz',
11 verbose readDependencies returned deps   events: 'https://registry.npmjs.org/events/-/events-1.0.2.tgz',
11 verbose readDependencies returned deps   evp_bytestokey: 'https://registry.npmjs.org/evp_bytestokey/-/evp_bytestokey-1.0.0.tgz',
11 verbose readDependencies returned deps   'exit-hook': 'https://registry.npmjs.org/exit-hook/-/exit-hook-1.1.1.tgz',
11 verbose readDependencies returned deps   express: 'https://registry.npmjs.org/express/-/express-4.14.0.tgz',
11 verbose readDependencies returned deps   extend: 'https://registry.npmjs.org/extend/-/extend-3.0.0.tgz',
11 verbose readDependencies returned deps   extsprintf: 'https://registry.npmjs.org/extsprintf/-/extsprintf-1.0.2.tgz',
11 verbose readDependencies returned deps   falafel: 'https://registry.npmjs.org/falafel/-/falafel-1.2.0.tgz',
11 verbose readDependencies returned deps   figures: 'https://registry.npmjs.org/figures/-/figures-1.7.0.tgz',
11 verbose readDependencies returned deps   finalhandler: 'https://registry.npmjs.org/finalhandler/-/finalhandler-0.5.0.tgz',
11 verbose readDependencies returned deps   foreach: 'https://registry.npmjs.org/foreach/-/foreach-2.0.5.tgz',
11 verbose readDependencies returned deps   'forever-agent': 'https://registry.npmjs.org/forever-agent/-/forever-agent-0.5.2.tgz',
11 verbose readDependencies returned deps   'form-data': 'https://registry.npmjs.org/form-data/-/form-data-0.1.4.tgz',
11 verbose readDependencies returned deps   forwarded: 'https://registry.npmjs.org/forwarded/-/forwarded-0.1.0.tgz',
11 verbose readDependencies returned deps   fresh: 'https://registry.npmjs.org/fresh/-/fresh-0.3.0.tgz',
11 verbose readDependencies returned deps   'fs.realpath': 'https://registry.npmjs.org/fs.realpath/-/fs.realpath-1.0.0.tgz',
11 verbose readDependencies returned deps   fstream: 'https://registry.npmjs.org/fstream/-/fstream-1.0.10.tgz',
11 verbose readDependencies returned deps   'function-bind': 'https://registry.npmjs.org/function-bind/-/function-bind-1.1.0.tgz',
11 verbose readDependencies returned deps   'generate-function': 'https://registry.npmjs.org/generate-function/-/generate-function-2.0.0.tgz',
11 verbose readDependencies returned deps   'generate-object-property': 'https://registry.npmjs.org/generate-object-property/-/generate-object-property-1.2.0.tgz',
11 verbose readDependencies returned deps   getpass: 'https://registry.npmjs.org/getpass/-/getpass-0.1.6.tgz',
11 verbose readDependencies returned deps   glob: 'https://registry.npmjs.org/glob/-/glob-5.0.15.tgz',
11 verbose readDependencies returned deps   got: 'https://registry.npmjs.org/got/-/got-3.3.1.tgz',
11 verbose readDependencies returned deps   'graceful-fs': 'https://registry.npmjs.org/graceful-fs/-/graceful-fs-4.1.5.tgz',
11 verbose readDependencies returned deps   'graceful-readlink': 'https://registry.npmjs.org/graceful-readlink/-/graceful-readlink-1.0.1.tgz',
11 verbose readDependencies returned deps   'har-validator': 'https://registry.npmjs.org/har-validator/-/har-validator-2.0.6.tgz',
11 verbose readDependencies returned deps   has: 'https://registry.npmjs.org/has/-/has-1.0.1.tgz',
11 verbose readDependencies returned deps   'has-ansi': 'https://registry.npmjs.org/has-ansi/-/has-ansi-2.0.0.tgz',
11 verbose readDependencies returned deps   'has-binary': 'https://registry.npmjs.org/has-binary/-/has-binary-0.1.7.tgz',
11 verbose readDependencies returned deps   'has-cors': 'https://registry.npmjs.org/has-cors/-/has-cors-1.1.0.tgz',
11 verbose readDependencies returned deps   'hash.js': 'https://registry.npmjs.org/hash.js/-/hash.js-1.0.3.tgz',
11 verbose readDependencies returned deps   hawk: 'https://registry.npmjs.org/hawk/-/hawk-1.1.1.tgz',
11 verbose readDependencies returned deps   hoek: 'https://registry.npmjs.org/hoek/-/hoek-0.9.1.tgz',
11 verbose readDependencies returned deps   'hosted-git-info': 'https://registry.npmjs.org/hosted-git-info/-/hosted-git-info-2.1.5.tgz',
11 verbose readDependencies returned deps   htmlescape: 'https://registry.npmjs.org/htmlescape/-/htmlescape-1.1.1.tgz',
11 verbose readDependencies returned deps   'http-browserify': 'https://registry.npmjs.org/http-browserify/-/http-browserify-1.7.0.tgz',
11 verbose readDependencies returned deps   'http-errors': 'https://registry.npmjs.org/http-errors/-/http-errors-1.5.0.tgz',
11 verbose readDependencies returned deps   'http-signature': 'https://registry.npmjs.org/http-signature/-/http-signature-0.10.1.tgz',
11 verbose readDependencies returned deps   'https-browserify': 'https://registry.npmjs.org/https-browserify/-/https-browserify-0.0.1.tgz',
11 verbose readDependencies returned deps   ieee754: 'https://registry.npmjs.org/ieee754/-/ieee754-1.1.6.tgz',
11 verbose readDependencies returned deps   imurmurhash: 'https://registry.npmjs.org/imurmurhash/-/imurmurhash-0.1.4.tgz',
11 verbose readDependencies returned deps   indexof: 'https://registry.npmjs.org/indexof/-/indexof-0.0.1.tgz',
11 verbose readDependencies returned deps   'infinity-agent': 'https://registry.npmjs.org/infinity-agent/-/infinity-agent-2.0.3.tgz',
11 verbose readDependencies returned deps   inflight: 'https://registry.npmjs.org/inflight/-/inflight-1.0.5.tgz',
11 verbose readDependencies returned deps   inherits: 'https://registry.npmjs.org/inherits/-/inherits-2.0.1.tgz',
11 verbose readDependencies returned deps   ini: 'https://registry.npmjs.org/ini/-/ini-1.3.4.tgz',
11 verbose readDependencies returned deps   'init-package-json': 'https://registry.npmjs.org/init-package-json/-/init-package-json-1.9.4.tgz',
11 verbose readDependencies returned deps   'inline-source-map': 'https://registry.npmjs.org/inline-source-map/-/inline-source-map-0.3.1.tgz',
11 verbose readDependencies returned deps   inquirer: 'https://registry.npmjs.org/inquirer/-/inquirer-0.10.1.tgz',
11 verbose readDependencies returned deps   'insert-module-globals': 'https://registry.npmjs.org/insert-module-globals/-/insert-module-globals-6.6.3.tgz',
11 verbose readDependencies returned deps   insight: 'https://registry.npmjs.org/insight/-/insight-0.8.3.tgz',
11 verbose readDependencies returned deps   interpret: 'https://registry.npmjs.org/interpret/-/interpret-1.0.1.tgz',
11 verbose readDependencies returned deps   'ipaddr.js': 'https://registry.npmjs.org/ipaddr.js/-/ipaddr.js-1.1.1.tgz',
11 verbose readDependencies returned deps   'is-buffer': 'https://registry.npmjs.org/is-buffer/-/is-buffer-1.1.4.tgz',
11 verbose readDependencies returned deps   'is-builtin-module': 'https://registry.npmjs.org/is-builtin-module/-/is-builtin-module-1.0.0.tgz',
11 verbose readDependencies returned deps   'is-finite': 'https://registry.npmjs.org/is-finite/-/is-finite-1.0.1.tgz',
11 verbose readDependencies returned deps   'is-fullwidth-code-point': 'https://registry.npmjs.org/is-fullwidth-code-point/-/is-fullwidth-code-point-1.0.0.tgz',
11 verbose readDependencies returned deps   'is-my-json-valid': 'https://registry.npmjs.org/is-my-json-valid/-/is-my-json-valid-2.13.1.tgz',
11 verbose readDependencies returned deps   'is-npm': 'https://registry.npmjs.org/is-npm/-/is-npm-1.0.0.tgz',
11 verbose readDependencies returned deps   'is-property': 'https://registry.npmjs.org/is-property/-/is-property-1.0.2.tgz',
11 verbose readDependencies returned deps   'is-redirect': 'https://registry.npmjs.org/is-redirect/-/is-redirect-1.0.0.tgz',
11 verbose readDependencies returned deps   'is-stream': 'https://registry.npmjs.org/is-stream/-/is-stream-1.1.0.tgz',
11 verbose readDependencies returned deps   'is-typedarray': 'https://registry.npmjs.org/is-typedarray/-/is-typedarray-1.0.0.tgz',
11 verbose readDependencies returned deps   'is-url': 'https://registry.npmjs.org/is-url/-/is-url-1.2.2.tgz',
11 verbose readDependencies returned deps   isarray: 'https://registry.npmjs.org/isarray/-/isarray-0.0.1.tgz',
11 verbose readDependencies returned deps   isstream: 'https://registry.npmjs.org/isstream/-/isstream-0.1.2.tgz',
11 verbose readDependencies returned deps   jju: 'https://registry.npmjs.org/jju/-/jju-1.3.0.tgz',
11 verbose readDependencies returned deps   jodid25519: 'https://registry.npmjs.org/jodid25519/-/jodid25519-1.0.2.tgz',
11 verbose readDependencies returned deps   jsbn: 'https://registry.npmjs.org/jsbn/-/jsbn-0.1.0.tgz',
11 verbose readDependencies returned deps   'json-parse-helpfulerror': 'https://registry.npmjs.org/json-parse-helpfulerror/-/json-parse-helpfulerror-1.0.3.tgz',
11 verbose readDependencies returned deps   'json-schema': 'https://registry.npmjs.org/json-schema/-/json-schema-0.2.2.tgz',
11 verbose readDependencies returned deps   'json-stable-stringify': 'https://registry.npmjs.org/json-stable-stringify/-/json-stable-stringify-0.0.1.tgz',
11 verbose readDependencies returned deps   'json-stringify-safe': 'https://registry.npmjs.org/json-stringify-safe/-/json-stringify-safe-5.0.1.tgz',
11 verbose readDependencies returned deps   json3: 'https://registry.npmjs.org/json3/-/json3-3.2.6.tgz',
11 verbose readDependencies returned deps   jsonify: 'https://registry.npmjs.org/jsonify/-/jsonify-0.0.0.tgz',
11 verbose readDependencies returned deps   jsonparse: 'https://registry.npmjs.org/jsonparse/-/jsonparse-1.2.0.tgz',
11 verbose readDependencies returned deps   jsonpointer: 'https://registry.npmjs.org/jsonpointer/-/jsonpointer-2.0.0.tgz',
11 verbose readDependencies returned deps   JSONStream: 'https://registry.npmjs.org/JSONStream/-/JSONStream-1.1.4.tgz',
11 verbose readDependencies returned deps   jsprim: 'https://registry.npmjs.org/jsprim/-/jsprim-1.3.0.tgz',
11 verbose readDependencies returned deps   'labeled-stream-splicer': 'https://registry.npmjs.org/labeled-stream-splicer/-/labeled-stream-splicer-1.0.2.tgz',
11 verbose readDependencies returned deps   'latest-version': 'https://registry.npmjs.org/latest-version/-/latest-version-1.0.1.tgz',
11 verbose readDependencies returned deps   'lexical-scope': 'https://registry.npmjs.org/lexical-scope/-/lexical-scope-1.2.0.tgz',
11 verbose readDependencies returned deps   lodash: 'https://registry.npmjs.org/lodash/-/lodash-3.10.1.tgz',
11 verbose readDependencies returned deps   'lodash._getnative': 'https://registry.npmjs.org/lodash._getnative/-/lodash._getnative-3.9.1.tgz',
11 verbose readDependencies returned deps   'lodash.debounce': 'https://registry.npmjs.org/lodash.debounce/-/lodash.debounce-3.1.1.tgz',
11 verbose readDependencies returned deps   'lodash.memoize': 'https://registry.npmjs.org/lodash.memoize/-/lodash.memoize-3.0.4.tgz',
11 verbose readDependencies returned deps   'lowercase-keys': 'https://registry.npmjs.org/lowercase-keys/-/lowercase-keys-1.0.0.tgz',
11 verbose readDependencies returned deps   'media-typer': 'https://registry.npmjs.org/media-typer/-/media-typer-0.3.0.tgz',
11 verbose readDependencies returned deps   'merge-descriptors': 'https://registry.npmjs.org/merge-descriptors/-/merge-descriptors-1.0.1.tgz',
11 verbose readDependencies returned deps   methods: 'https://registry.npmjs.org/methods/-/methods-1.1.2.tgz',
11 verbose readDependencies returned deps   'miller-rabin': 'https://registry.npmjs.org/miller-rabin/-/miller-rabin-4.0.0.tgz',
11 verbose readDependencies returned deps   mime: 'https://registry.npmjs.org/mime/-/mime-1.3.4.tgz',
11 verbose readDependencies returned deps   'mime-db': 'https://registry.npmjs.org/mime-db/-/mime-db-1.23.0.tgz',
11 verbose readDependencies returned deps   'mime-types': 'https://registry.npmjs.org/mime-types/-/mime-types-2.1.11.tgz',
11 verbose readDependencies returned deps   'minimalistic-assert': 'https://registry.npmjs.org/minimalistic-assert/-/minimalistic-assert-1.0.0.tgz',
11 verbose readDependencies returned deps   minimatch: 'https://registry.npmjs.org/minimatch/-/minimatch-3.0.3.tgz',
11 verbose readDependencies returned deps   minimist: 'https://registry.npmjs.org/minimist/-/minimist-1.2.0.tgz',
11 verbose readDependencies returned deps   mkdirp: 'https://registry.npmjs.org/mkdirp/-/mkdirp-0.5.1.tgz',
11 verbose readDependencies returned deps   'module-deps': 'https://registry.npmjs.org/module-deps/-/module-deps-3.9.1.tgz',
11 verbose readDependencies returned deps   ms: 'https://registry.npmjs.org/ms/-/ms-0.7.1.tgz',
11 verbose readDependencies returned deps   'mute-stream': 'https://registry.npmjs.org/mute-stream/-/mute-stream-0.0.6.tgz',
11 verbose readDependencies returned deps   ncp: 'https://registry.npmjs.org/ncp/-/ncp-2.0.0.tgz',
11 verbose readDependencies returned deps   negotiator: 'https://registry.npmjs.org/negotiator/-/negotiator-0.6.1.tgz',
11 verbose readDependencies returned deps   'nested-error-stacks': 'https://registry.npmjs.org/nested-error-stacks/-/nested-error-stacks-1.0.2.tgz',
11 verbose readDependencies returned deps   'node-uuid': 'https://registry.npmjs.org/node-uuid/-/node-uuid-1.4.7.tgz',
11 verbose readDependencies returned deps   nopt: 'https://registry.npmjs.org/nopt/-/nopt-3.0.1.tgz',
11 verbose readDependencies returned deps   'normalize-package-data': 'https://registry.npmjs.org/normalize-package-data/-/normalize-package-data-2.3.5.tgz',
11 verbose readDependencies returned deps   npm: 'https://registry.npmjs.org/npm/-/npm-2.15.10.tgz',
11 verbose readDependencies returned deps   'npm-package-arg': 'https://registry.npmjs.org/npm-package-arg/-/npm-package-arg-4.2.0.tgz',
11 verbose readDependencies returned deps   'number-is-nan': 'https://registry.npmjs.org/number-is-nan/-/number-is-nan-1.0.0.tgz',
11 verbose readDependencies returned deps   'oauth-sign': 'https://registry.npmjs.org/oauth-sign/-/oauth-sign-0.4.0.tgz',
11 verbose readDependencies returned deps   'object-assign': 'https://registry.npmjs.org/object-assign/-/object-assign-4.1.0.tgz',
11 verbose readDependencies returned deps   'object-component': 'https://registry.npmjs.org/object-component/-/object-component-0.0.3.tgz',
11 verbose readDependencies returned deps   'object-keys': 'https://registry.npmjs.org/object-keys/-/object-keys-1.0.11.tgz',
11 verbose readDependencies returned deps   'on-finished': 'https://registry.npmjs.org/on-finished/-/on-finished-2.3.0.tgz',
11 verbose readDependencies returned deps   'on-headers': 'https://registry.npmjs.org/on-headers/-/on-headers-1.0.1.tgz',
11 verbose readDependencies returned deps   once: 'https://registry.npmjs.org/once/-/once-1.3.3.tgz',
11 verbose readDependencies returned deps   onetime: 'https://registry.npmjs.org/onetime/-/onetime-1.1.0.tgz',
11 verbose readDependencies returned deps   opener: 'https://registry.npmjs.org/opener/-/opener-1.4.1.tgz',
11 verbose readDependencies returned deps   options: 'https://registry.npmjs.org/options/-/options-0.0.6.tgz',
11 verbose readDependencies returned deps   'os-browserify': 'https://registry.npmjs.org/os-browserify/-/os-browserify-0.1.2.tgz',
11 verbose readDependencies returned deps   'os-homedir': 'https://registry.npmjs.org/os-homedir/-/os-homedir-1.0.1.tgz',
11 verbose readDependencies returned deps   'os-name': 'https://registry.npmjs.org/os-name/-/os-name-1.0.3.tgz',
11 verbose readDependencies returned deps   'os-tmpdir': 'https://registry.npmjs.org/os-tmpdir/-/os-tmpdir-1.0.1.tgz',
11 verbose readDependencies returned deps   osenv: 'https://registry.npmjs.org/osenv/-/osenv-0.1.3.tgz',
11 verbose readDependencies returned deps   'osx-release': 'https://registry.npmjs.org/osx-release/-/osx-release-1.1.0.tgz',
11 verbose readDependencies returned deps   'package-json': 'https://registry.npmjs.org/package-json/-/package-json-1.2.0.tgz',
11 verbose readDependencies returned deps   pako: 'https://registry.npmjs.org/pako/-/pako-0.2.9.tgz',
11 verbose readDependencies returned deps   parents: 'https://registry.npmjs.org/parents/-/parents-1.0.1.tgz',
11 verbose readDependencies returned deps   'parse-asn1': 'https://registry.npmjs.org/parse-asn1/-/parse-asn1-5.0.0.tgz',
11 verbose readDependencies returned deps   parsejson: 'https://registry.npmjs.org/parsejson/-/parsejson-0.0.1.tgz',
11 verbose readDependencies returned deps   parseqs: 'https://registry.npmjs.org/parseqs/-/parseqs-0.0.2.tgz',
11 verbose readDependencies returned deps   parseuri: 'https://registry.npmjs.org/parseuri/-/parseuri-0.0.4.tgz',
11 verbose readDependencies returned deps   parseurl: 'https://registry.npmjs.org/parseurl/-/parseurl-1.3.1.tgz',
11 verbose readDependencies returned deps   'path-browserify': 'https://registry.npmjs.org/path-browserify/-/path-browserify-0.0.0.tgz',
11 verbose readDependencies returned deps   'path-is-absolute': 'https://registry.npmjs.org/path-is-absolute/-/path-is-absolute-1.0.0.tgz',
11 verbose readDependencies returned deps   'path-platform': 'https://registry.npmjs.org/path-platform/-/path-platform-0.11.15.tgz',
11 verbose readDependencies returned deps   'path-to-regexp': 'https://registry.npmjs.org/path-to-regexp/-/path-to-regexp-0.1.7.tgz',
11 verbose readDependencies returned deps   pbkdf2: 'https://registry.npmjs.org/pbkdf2/-/pbkdf2-3.0.4.tgz',
11 verbose readDependencies returned deps   pegjs: 'https://registry.npmjs.org/pegjs/-/pegjs-0.9.0.tgz',
11 verbose readDependencies returned deps   pinkie: 'https://registry.npmjs.org/pinkie/-/pinkie-2.0.4.tgz',
11 verbose readDependencies returned deps   'pinkie-promise': 'https://registry.npmjs.org/pinkie-promise/-/pinkie-promise-2.0.1.tgz',
11 verbose readDependencies returned deps   plist: 'https://registry.npmjs.org/plist/-/plist-1.2.0.tgz',
11 verbose readDependencies returned deps   'prepend-http': 'https://registry.npmjs.org/prepend-http/-/prepend-http-1.0.4.tgz',
11 verbose readDependencies returned deps   process: 'https://registry.npmjs.org/process/-/process-0.11.8.tgz',
11 verbose readDependencies returned deps   'process-nextick-args': 'https://registry.npmjs.org/process-nextick-args/-/process-nextick-args-1.0.7.tgz',
11 verbose readDependencies returned deps   promzard: 'https://registry.npmjs.org/promzard/-/promzard-0.3.0.tgz',
11 verbose readDependencies returned deps   'properties-parser': 'https://registry.npmjs.org/properties-parser/-/properties-parser-0.2.3.tgz',
11 verbose readDependencies returned deps   'proxy-addr': 'https://registry.npmjs.org/proxy-addr/-/proxy-addr-1.1.2.tgz',
11 verbose readDependencies returned deps   'public-encrypt': 'https://registry.npmjs.org/public-encrypt/-/public-encrypt-4.0.0.tgz',
11 verbose readDependencies returned deps   punycode: 'https://registry.npmjs.org/punycode/-/punycode-1.4.1.tgz',
11 verbose readDependencies returned deps   q: 'https://registry.npmjs.org/q/-/q-1.0.1.tgz',
11 verbose readDependencies returned deps   qs: 'https://registry.npmjs.org/qs/-/qs-6.2.0.tgz',
11 verbose readDependencies returned deps   querystring: 'https://registry.npmjs.org/querystring/-/querystring-0.2.0.tgz',
11 verbose readDependencies returned deps   'querystring-es3': 'https://registry.npmjs.org/querystring-es3/-/querystring-es3-0.2.1.tgz',
11 verbose readDependencies returned deps   randombytes: 'https://registry.npmjs.org/randombytes/-/randombytes-2.0.3.tgz',
11 verbose readDependencies returned deps   'range-parser': 'https://registry.npmjs.org/range-parser/-/range-parser-1.2.0.tgz',
11 verbose readDependencies returned deps   rc: 'https://registry.npmjs.org/rc/-/rc-1.1.6.tgz',
11 verbose readDependencies returned deps   read: 'https://registry.npmjs.org/read/-/read-1.0.7.tgz',
11 verbose readDependencies returned deps   'read-all-stream': 'https://registry.npmjs.org/read-all-stream/-/read-all-stream-3.1.0.tgz',
11 verbose readDependencies returned deps   'read-only-stream': 'https://registry.npmjs.org/read-only-stream/-/read-only-stream-1.1.1.tgz',
11 verbose readDependencies returned deps   'read-package-json': 'https://registry.npmjs.org/read-package-json/-/read-package-json-2.0.4.tgz',
11 verbose readDependencies returned deps   'readable-stream': 'https://registry.npmjs.org/readable-stream/-/readable-stream-1.1.14.tgz',
11 verbose readDependencies returned deps   'readable-wrap': 'https://registry.npmjs.org/readable-wrap/-/readable-wrap-1.0.0.tgz',
11 verbose readDependencies returned deps   readline2: 'https://registry.npmjs.org/readline2/-/readline2-1.0.1.tgz',
11 verbose readDependencies returned deps   rechoir: 'https://registry.npmjs.org/rechoir/-/rechoir-0.6.2.tgz',
11 verbose readDependencies returned deps   'registry-url': 'https://registry.npmjs.org/registry-url/-/registry-url-3.1.0.tgz',
11 verbose readDependencies returned deps   repeating: 'https://registry.npmjs.org/repeating/-/repeating-1.1.3.tgz',
11 verbose readDependencies returned deps   replacestream: 'https://registry.npmjs.org/replacestream/-/replacestream-4.0.2.tgz',
11 verbose readDependencies returned deps   request: 'https://registry.npmjs.org/request/-/request-2.47.0.tgz',
11 verbose readDependencies returned deps   resolve: 'https://registry.npmjs.org/resolve/-/resolve-1.1.7.tgz',
11 verbose readDependencies returned deps   'restore-cursor': 'https://registry.npmjs.org/restore-cursor/-/restore-cursor-1.0.1.tgz',
11 verbose readDependencies returned deps   rimraf: 'https://registry.npmjs.org/rimraf/-/rimraf-2.5.4.tgz',
11 verbose readDependencies returned deps   ripemd160: 'https://registry.npmjs.org/ripemd160/-/ripemd160-1.0.1.tgz',
11 verbose readDependencies returned deps   'run-async': 'https://registry.npmjs.org/run-async/-/run-async-0.1.0.tgz',
11 verbose readDependencies returned deps   'rx-lite': 'https://registry.npmjs.org/rx-lite/-/rx-lite-3.1.2.tgz',
11 verbose readDependencies returned deps   sax: 'https://registry.npmjs.org/sax/-/sax-0.3.5.tgz',
11 verbose readDependencies returned deps   semver: 'https://registry.npmjs.org/semver/-/semver-5.3.0.tgz',
11 verbose readDependencies returned deps   'semver-diff': 'https://registry.npmjs.org/semver-diff/-/semver-diff-2.1.0.tgz',
11 verbose readDependencies returned deps   send: 'https://registry.npmjs.org/send/-/send-0.14.1.tgz',
11 verbose readDependencies returned deps   'send-transform': 'https://registry.npmjs.org/send-transform/-/send-transform-0.14.1.tgz',
11 verbose readDependencies returned deps   'serve-static': 'https://registry.npmjs.org/serve-static/-/serve-static-1.11.1.tgz',
11 verbose readDependencies returned deps   setprototypeof: 'https://registry.npmjs.org/setprototypeof/-/setprototypeof-1.0.1.tgz',
11 verbose readDependencies returned deps   'sha.js': 'https://registry.npmjs.org/sha.js/-/sha.js-2.4.5.tgz',
11 verbose readDependencies returned deps   'shallow-copy': 'https://registry.npmjs.org/shallow-copy/-/shallow-copy-0.0.1.tgz',
11 verbose readDependencies returned deps   shasum: 'https://registry.npmjs.org/shasum/-/shasum-1.0.2.tgz',
11 verbose readDependencies returned deps   'shell-quote': 'https://registry.npmjs.org/shell-quote/-/shell-quote-0.0.1.tgz',
11 verbose readDependencies returned deps   shelljs: 'https://registry.npmjs.org/shelljs/-/shelljs-0.5.3.tgz',
11 verbose readDependencies returned deps   'simple-plist': 'https://registry.npmjs.org/simple-plist/-/simple-plist-0.1.4.tgz',
11 verbose readDependencies returned deps   slide: 'https://registry.npmjs.org/slide/-/slide-1.1.6.tgz',
11 verbose readDependencies returned deps   sntp: 'https://registry.npmjs.org/sntp/-/sntp-0.2.4.tgz',
11 verbose readDependencies returned deps   'socket.io': 'https://registry.npmjs.org/socket.io/-/socket.io-1.4.8.tgz',
11 verbose readDependencies returned deps   'socket.io-adapter': 'https://registry.npmjs.org/socket.io-adapter/-/socket.io-adapter-0.4.0.tgz',
11 verbose readDependencies returned deps   'socket.io-client': 'https://registry.npmjs.org/socket.io-client/-/socket.io-client-1.4.8.tgz',
11 verbose readDependencies returned deps   'socket.io-parser': 'https://registry.npmjs.org/socket.io-parser/-/socket.io-parser-2.2.6.tgz',
11 verbose readDependencies returned deps   'source-map': 'https://registry.npmjs.org/source-map/-/source-map-0.1.43.tgz',
11 verbose readDependencies returned deps   'spdx-correct': 'https://registry.npmjs.org/spdx-correct/-/spdx-correct-1.0.2.tgz',
11 verbose readDependencies returned deps   'spdx-exceptions': 'https://registry.npmjs.org/spdx-exceptions/-/spdx-exceptions-1.0.5.tgz',
11 verbose readDependencies returned deps   'spdx-expression-parse': 'https://registry.npmjs.org/spdx-expression-parse/-/spdx-expression-parse-1.0.2.tgz',
11 verbose readDependencies returned deps   'spdx-license-ids': 'https://registry.npmjs.org/spdx-license-ids/-/spdx-license-ids-1.2.2.tgz',
11 verbose readDependencies returned deps   sshpk: 'https://registry.npmjs.org/sshpk/-/sshpk-1.9.2.tgz',
11 verbose readDependencies returned deps   statuses: 'https://registry.npmjs.org/statuses/-/statuses-1.3.0.tgz',
11 verbose readDependencies returned deps   'stream-browserify': 'https://registry.npmjs.org/stream-browserify/-/stream-browserify-1.0.0.tgz',
11 verbose readDependencies returned deps   'stream-buffers': 'https://registry.npmjs.org/stream-buffers/-/stream-buffers-0.2.6.tgz',
11 verbose readDependencies returned deps   'stream-combiner2': 'https://registry.npmjs.org/stream-combiner2/-/stream-combiner2-1.0.2.tgz',
11 verbose readDependencies returned deps   'stream-http': 'https://registry.npmjs.org/stream-http/-/stream-http-2.3.1.tgz',
11 verbose readDependencies returned deps   'stream-shift': 'https://registry.npmjs.org/stream-shift/-/stream-shift-1.0.0.tgz',
11 verbose readDependencies returned deps   'stream-splicer': 'https://registry.npmjs.org/stream-splicer/-/stream-splicer-1.3.2.tgz',
11 verbose readDependencies returned deps   string_decoder: 'https://registry.npmjs.org/string_decoder/-/string_decoder-0.10.31.tgz',
11 verbose readDependencies returned deps   'string-length': 'https://registry.npmjs.org/string-length/-/string-length-1.0.1.tgz',
11 verbose readDependencies returned deps   stringstream: 'https://registry.npmjs.org/stringstream/-/stringstream-0.0.5.tgz',
11 verbose readDependencies returned deps   'strip-ansi': 'https://registry.npmjs.org/strip-ansi/-/strip-ansi-3.0.1.tgz',
11 verbose readDependencies returned deps   'strip-json-comments': 'https://registry.npmjs.org/strip-json-comments/-/strip-json-comments-1.0.4.tgz',
11 verbose readDependencies returned deps   subarg: 'https://registry.npmjs.org/subarg/-/subarg-1.0.0.tgz',
11 verbose readDependencies returned deps   'supports-color': 'https://registry.npmjs.org/supports-color/-/supports-color-2.0.0.tgz',
11 verbose readDependencies returned deps   'syntax-error': 'https://registry.npmjs.org/syntax-error/-/syntax-error-1.1.6.tgz',
11 verbose readDependencies returned deps   tar: 'https://registry.npmjs.org/tar/-/tar-1.0.2.tgz',
11 verbose readDependencies returned deps   through: 'https://registry.npmjs.org/through/-/through-2.3.8.tgz',
11 verbose readDependencies returned deps   through2: 'https://registry.npmjs.org/through2/-/through2-1.1.1.tgz',
11 verbose readDependencies returned deps   'timed-out': 'https://registry.npmjs.org/timed-out/-/timed-out-2.0.0.tgz',
11 verbose readDependencies returned deps   'timers-browserify': 'https://registry.npmjs.org/timers-browserify/-/timers-browserify-1.4.2.tgz',
11 verbose readDependencies returned deps   'to-array': 'https://registry.npmjs.org/to-array/-/to-array-0.1.4.tgz',
11 verbose readDependencies returned deps   'to-arraybuffer': 'https://registry.npmjs.org/to-arraybuffer/-/to-arraybuffer-1.0.1.tgz',
11 verbose readDependencies returned deps   'tough-cookie': 'https://registry.npmjs.org/tough-cookie/-/tough-cookie-2.3.1.tgz',
11 verbose readDependencies returned deps   'tty-browserify': 'https://registry.npmjs.org/tty-browserify/-/tty-browserify-0.0.0.tgz',
11 verbose readDependencies returned deps   'tunnel-agent': 'https://registry.npmjs.org/tunnel-agent/-/tunnel-agent-0.4.3.tgz',
11 verbose readDependencies returned deps   tweetnacl: 'https://registry.npmjs.org/tweetnacl/-/tweetnacl-0.13.3.tgz',
11 verbose readDependencies returned deps   'type-is': 'https://registry.npmjs.org/type-is/-/type-is-1.6.13.tgz',
11 verbose readDependencies returned deps   typedarray: 'https://registry.npmjs.org/typedarray/-/typedarray-0.0.6.tgz',
11 verbose readDependencies returned deps   ultron: 'https://registry.npmjs.org/ultron/-/ultron-1.0.2.tgz',
11 verbose readDependencies returned deps   umd: 'https://registry.npmjs.org/umd/-/umd-3.0.1.tgz',
11 verbose readDependencies returned deps   underscore: 'https://registry.npmjs.org/underscore/-/underscore-1.7.0.tgz',
11 verbose readDependencies returned deps   unorm: 'https://registry.npmjs.org/unorm/-/unorm-1.4.1.tgz',
11 verbose readDependencies returned deps   unpipe: 'https://registry.npmjs.org/unpipe/-/unpipe-1.0.0.tgz',
11 verbose readDependencies returned deps   'update-notifier': 'https://registry.npmjs.org/update-notifier/-/update-notifier-0.5.0.tgz',
11 verbose readDependencies returned deps   url: 'https://registry.npmjs.org/url/-/url-0.10.3.tgz',
11 verbose readDependencies returned deps   utf8: 'https://registry.npmjs.org/utf8/-/utf8-2.1.0.tgz',
11 verbose readDependencies returned deps   util: 'https://registry.npmjs.org/util/-/util-0.10.3.tgz',
11 verbose readDependencies returned deps   'util-deprecate': 'https://registry.npmjs.org/util-deprecate/-/util-deprecate-1.0.2.tgz',
11 verbose readDependencies returned deps   'utils-merge': 'https://registry.npmjs.org/utils-merge/-/utils-merge-1.0.0.tgz',
11 verbose readDependencies returned deps   uuid: 'https://registry.npmjs.org/uuid/-/uuid-2.0.2.tgz',
11 verbose readDependencies returned deps   'valid-identifier': 'https://registry.npmjs.org/valid-identifier/-/valid-identifier-0.0.1.tgz',
11 verbose readDependencies returned deps   'validate-npm-package-license': 'https://registry.npmjs.org/validate-npm-package-license/-/validate-npm-package-license-3.0.1.tgz',
11 verbose readDependencies returned deps   'validate-npm-package-name': 'https://registry.npmjs.org/validate-npm-package-name/-/validate-npm-package-name-2.2.2.tgz',
11 verbose readDependencies returned deps   vary: 'https://registry.npmjs.org/vary/-/vary-1.1.0.tgz',
11 verbose readDependencies returned deps   verror: 'https://registry.npmjs.org/verror/-/verror-1.3.6.tgz',
11 verbose readDependencies returned deps   'vm-browserify': 'https://registry.npmjs.org/vm-browserify/-/vm-browserify-0.0.4.tgz',
11 verbose readDependencies returned deps   'win-release': 'https://registry.npmjs.org/win-release/-/win-release-1.1.1.tgz',
11 verbose readDependencies returned deps   wrappy: 'https://registry.npmjs.org/wrappy/-/wrappy-1.0.2.tgz',
11 verbose readDependencies returned deps   'write-file-atomic': 'https://registry.npmjs.org/write-file-atomic/-/write-file-atomic-1.1.4.tgz',
11 verbose readDependencies returned deps   ws: 'https://registry.npmjs.org/ws/-/ws-1.1.0.tgz',
11 verbose readDependencies returned deps   xcode: 'https://registry.npmjs.org/xcode/-/xcode-0.8.9.tgz',
11 verbose readDependencies returned deps   'xdg-basedir': 'https://registry.npmjs.org/xdg-basedir/-/xdg-basedir-2.0.0.tgz',
11 verbose readDependencies returned deps   xmlbuilder: 'https://registry.npmjs.org/xmlbuilder/-/xmlbuilder-4.0.0.tgz',
11 verbose readDependencies returned deps   xmldom: 'https://registry.npmjs.org/xmldom/-/xmldom-0.1.22.tgz',
11 verbose readDependencies returned deps   'xmlhttprequest-ssl': 'https://registry.npmjs.org/xmlhttprequest-ssl/-/xmlhttprequest-ssl-1.5.1.tgz',
11 verbose readDependencies returned deps   xtend: 'https://registry.npmjs.org/xtend/-/xtend-4.0.1.tgz',
11 verbose readDependencies returned deps   yeast: 'https://registry.npmjs.org/yeast/-/yeast-0.1.2.tgz' }
12 silly cache add args [ '@angular/cli', null ]
13 verbose cache add spec @angular/cli
14 silly cache add parsed spec Result {
14 silly cache add   raw: '@angular/cli',
14 silly cache add   scope: '@angular',
14 silly cache add   name: '@angular/cli',
14 silly cache add   rawSpec: '',
14 silly cache add   spec: 'latest',
14 silly cache add   type: 'tag' }
15 silly addNamed @angular/cli@latest
16 verbose addNamed "latest" is being treated as a dist-tag for @angular/cli
17 info addNameTag [ '@angular/cli', 'latest' ]
18 silly mapToRegistry name @angular/cli
19 silly mapToRegistry scope (from package name) @angular
20 verbose mapToRegistry no registry URL found in name for scope @angular
21 silly mapToRegistry using default registry
22 silly mapToRegistry registry https://registry.npmjs.org/
23 silly mapToRegistry data Result {
23 silly mapToRegistry   raw: '@angular/cli',
23 silly mapToRegistry   scope: '@angular',
23 silly mapToRegistry   name: '@angular/cli',
23 silly mapToRegistry   rawSpec: '',
23 silly mapToRegistry   spec: 'latest',
23 silly mapToRegistry   type: 'tag' }
24 silly mapToRegistry uri https://registry.npmjs.org/@angular%2fcli
25 verbose addNameTag registry:https://registry.npmjs.org/@angular%2fcli not in flight; fetching
26 verbose request uri https://registry.npmjs.org/@angular%2fcli
27 verbose request no auth needed
28 info attempt registry request try #1 at 12:09:21
29 verbose request id c51829fbcb0f1a2c
30 http request GET https://registry.npmjs.org/@angular%2fcli
31 http 200 https://registry.npmjs.org/@angular%2fcli
32 verbose headers { date: 'Tue, 03 Jul 2018 17:09:22 GMT',
32 verbose headers   'content-type': 'application/json; charset=UTF-8',
32 verbose headers   'transfer-encoding': 'chunked',
32 verbose headers   connection: 'keep-alive',
32 verbose headers   'set-cookie':
32 verbose headers    [ '__cfduid=d729c264a5d18109e7220461635cacca71530637762; expires=Wed, 03-Jul-19 17:09:22 GMT; path=/; domain=.registry.npmjs.org; HttpOnly' ],
32 verbose headers   'cache-control': 'public, max-age=14400',
32 verbose headers   'cf-cache-status': 'HIT',
32 verbose headers   'cf-ray': '434af59e696f8297-ATL',
32 verbose headers   etag: 'W/"936d31f3870d2c1f4d443f859c2ddf1c"',
32 verbose headers   'expect-ct': 'max-age=604800, report-uri="https://report-uri.cloudflare.com/cdn-cgi/beacon/expect-ct"',
32 verbose headers   'last-modified': 'Wed, 13 Jun 2018 22:07:44 GMT',
32 verbose headers   vary: 'Accept-Encoding',
32 verbose headers   server: 'cloudflare',
32 verbose headers   'content-encoding': 'gzip' }
33 silly get cb [ 200,
33 silly get   { date: 'Tue, 03 Jul 2018 17:09:22 GMT',
33 silly get     'content-type': 'application/json; charset=UTF-8',
33 silly get     'transfer-encoding': 'chunked',
33 silly get     connection: 'keep-alive',
33 silly get     'set-cookie':
33 silly get      [ '__cfduid=d729c264a5d18109e7220461635cacca71530637762; expires=Wed, 03-Jul-19 17:09:22 GMT; path=/; domain=.registry.npmjs.org; HttpOnly' ],
33 silly get     'cache-control': 'public, max-age=14400',
33 silly get     'cf-cache-status': 'HIT',
33 silly get     'cf-ray': '434af59e696f8297-ATL',
33 silly get     etag: 'W/"936d31f3870d2c1f4d443f859c2ddf1c"',
33 silly get     'expect-ct': 'max-age=604800, report-uri="https://report-uri.cloudflare.com/cdn-cgi/beacon/expect-ct"',
33 silly get     'last-modified': 'Wed, 13 Jun 2018 22:07:44 GMT',
33 silly get     vary: 'Accept-Encoding',
33 silly get     server: 'cloudflare',
33 silly get     'content-encoding': 'gzip' } ]
34 verbose get saving @angular/cli to C:\Users\Engion\AppData\Roaming\npm-cache\registry.npmjs.org\_40angular_252fcli\.cache.json
35 verbose correctMkdir C:\Users\Engion\AppData\Roaming\npm-cache correctMkdir not in flight; initializing
36 silly addNameTag next cb for @angular/cli with tag latest
37 silly addNamed @angular/cli@6.0.8
38 verbose addNamed "6.0.8" is a plain semver version for @angular/cli
39 silly mapToRegistry name @angular/cli
40 silly mapToRegistry scope (from package name) @angular
41 verbose mapToRegistry no registry URL found in name for scope @angular
42 silly mapToRegistry using default registry
43 silly mapToRegistry registry https://registry.npmjs.org/
44 silly mapToRegistry data Result {
44 silly mapToRegistry   raw: '@angular/cli',
44 silly mapToRegistry   scope: '@angular',
44 silly mapToRegistry   name: '@angular/cli',
44 silly mapToRegistry   rawSpec: '',
44 silly mapToRegistry   spec: 'latest',
44 silly mapToRegistry   type: 'tag' }
45 silly mapToRegistry uri https://registry.npmjs.org/@angular%2fcli
46 verbose addRemoteTarball https://registry.npmjs.org/@angular/cli/-/cli-6.0.8.tgz not in flight; adding
47 verbose addRemoteTarball [ 'https://registry.npmjs.org/@angular/cli/-/cli-6.0.8.tgz',
47 verbose addRemoteTarball   '65070958b944be30053232c51f8449b7ddd4d92a' ]
48 info retry fetch attempt 1 at 12:09:21
49 info attempt registry request try #1 at 12:09:21
50 http fetch GET https://registry.npmjs.org/@angular/cli/-/cli-6.0.8.tgz
51 http fetch 200 https://registry.npmjs.org/@angular/cli/-/cli-6.0.8.tgz
52 silly fetchAndShaCheck shasum 65070958b944be30053232c51f8449b7ddd4d92a
53 verbose addTmpTarball C:\Users\Engion\AppData\Local\Temp\npm-6680-4e36de92\registry.npmjs.org\_40angular\cli\-\cli-6.0.8.tgz not in flight; adding
54 verbose addTmpTarball already have metadata; skipping unpack for @angular/cli@6.0.8
55 verbose correctMkdir C:\Users\Engion\AppData\Roaming\npm-cache correctMkdir not in flight; initializing
56 silly cache afterAdd @angular/cli@6.0.8
57 verbose afterAdd C:\Users\Engion\AppData\Roaming\npm-cache\@angular\cli\6.0.8\package\package.json not in flight; writing
58 verbose correctMkdir C:\Users\Engion\AppData\Roaming\npm-cache correctMkdir not in flight; initializing
59 verbose afterAdd C:\Users\Engion\AppData\Roaming\npm-cache\@angular\cli\6.0.8\package\package.json written
60 verbose installMany cordova@6.3.1 was bundled with taco-toolset@6.3.1
61 verbose installMany cordova-simulate@0.3.13 was bundled with taco-toolset@6.3.1
62 silly install resolved [ { name: '@angular/cli',
62 silly install resolved     version: '6.0.8',
62 silly install resolved     description: 'CLI tool for Angular',
62 silly install resolved     main: 'lib/cli/index.js',
62 silly install resolved     trackingCode: 'UA-8594346-19',
62 silly install resolved     bin: { ng: './bin/ng' },
62 silly install resolved     keywords: [ 'angular', 'angular-cli', 'Angular CLI' ],
62 silly install resolved     scripts: { postinstall: 'node ./bin/ng-update-message.js' },
62 silly install resolved     repository:
62 silly install resolved      { type: 'git',
62 silly install resolved        url: 'git+https://github.com/angular/angular-cli.git' },
62 silly install resolved     engines: { node: '>= 8.9.0', npm: '>= 5.5.1' },
62 silly install resolved     author: { name: 'Angular Authors' },
62 silly install resolved     license: 'MIT',
62 silly install resolved     bugs: { url: 'https://github.com/angular/angular-cli/issues' },
62 silly install resolved     homepage: 'https://github.com/angular/angular-cli',
62 silly install resolved     dependencies:
62 silly install resolved      { '@angular-devkit/architect': '0.6.8',
62 silly install resolved        '@angular-devkit/core': '0.6.8',
62 silly install resolved        '@angular-devkit/schematics': '0.6.8',
62 silly install resolved        '@schematics/angular': '0.6.8',
62 silly install resolved        '@schematics/update': '0.6.8',
62 silly install resolved        opn: '~5.3.0',
62 silly install resolved        resolve: '^1.1.7',
62 silly install resolved        rxjs: '^6.0.0',
62 silly install resolved        semver: '^5.1.0',
62 silly install resolved        'silent-error': '^1.0.0',
62 silly install resolved        'symbol-observable': '^1.2.0',
62 silly install resolved        'yargs-parser': '^10.0.0' },
62 silly install resolved     'ng-update':
62 silly install resolved      { migrations: '@schematics/angular/migrations/migration-collection.json' },
62 silly install resolved     _id: '@angular/cli@6.0.8',
62 silly install resolved     _npmVersion: '5.6.0',
62 silly install resolved     _nodeVersion: '8.10.0',
62 silly install resolved     _npmUser: { name: 'angular', email: 'devops+npm@angular.io' },
62 silly install resolved     dist:
62 silly install resolved      { integrity: 'sha512-DhH1Zq5Yonthw6zh6W07fhf+9XrAZbD1fcQ0MrmbxlieCfLlTAdBqyK2LavFCKwSZkUMLF6UHM3+jiNRVZSSIg==',
62 silly install resolved        shasum: '65070958b944be30053232c51f8449b7ddd4d92a',
62 silly install resolved        tarball: 'https://registry.npmjs.org/@angular/cli/-/cli-6.0.8.tgz',
62 silly install resolved        fileCount: 123,
62 silly install resolved        unpackedSize: 329482,
62 silly install resolved        'npm-signature': '-----BEGIN PGP SIGNATURE-----\r\nVersion: OpenPGP.js v3.0.4\r\nComment: https://openpgpjs.org\r\n\r\nwsFcBAEBCAAQBQJbGByPCRA9TVsSAnZWagAACVIQAJi5qKcPlHoIOYbpRABL\n2goDZfBSn/SpXb6B++nRhXFUBkqUZ2MUaEnU6eOyijw3SQ0xfP9AH1OjKNoM\nplbADWvmFCLwexPFoo3KrEWi/ognSeQohSVY5crQKgwAuq1CAq3+UUfA+kEJ\nd3NPvY+VLsE1Ox1I/nq2HS6oQLsoenrjhwodg3SGNGWI6hYE6uRGMTwOJr4W\n0i8yWc8nVGJulNUIozC7RpaC5T43u9gEBDwcHjCudqXpvVNlhA0Uta29v1EG\nH1dXFP65kFQFT96SJJn+d5Z6yZaymMX9mHaoVO1h0qDB8rB8MaiL4P1nejb4\n4/iRD2TsDTy2wb36MaI9eQs3XELuJJdyBjzasCYPzfpvXlyxcDFg7tnwYKFN\nUs3hL2YjkVsNqb28DvYHpkTzLpGVnp60cBwULUC5oJj8GYwNsYhtiDDp3keR\nJWFBnLmfVcztG8hifGnrtE8a2lAsYoxz8H8j4VFm4hTCYbH6W4nGOMHkiz6J\nX/BliGC1fWieMZul5bZzHpNWXk+KMMD7rzJi/daVwfNwyzzbzbaad9hr+DS0\n89KIwwzttNqx4uELH8YM5zUFTiZ03L6vCgsNVuWNi0lM8IiPX2FgqmBj+biY\nEy0uuPiu9W2BILm4ygvDD8iGDcfC54/Nh32ypB3ibc9Giha10VuAhZBoOi+Y\n8UhG\r\n=o2Sf\r\n-----END PGP SIGNATURE-----\r\n' },
62 silly install resolved     maintainers: [ [Object], [Object] ],
62 silly install resolved     directories: {},
62 silly install resolved     _npmOperationalInternal:
62 silly install resolved      { host: 's3://npm-registry-packages',
62 silly install resolved        tmp: 'tmp/cli_6.0.8_1528306829187_0.11464630265744691' },
62 silly install resolved     _shasum: '65070958b944be30053232c51f8449b7ddd4d92a',
62 silly install resolved     _resolved: 'https://registry.npmjs.org/@angular/cli/-/cli-6.0.8.tgz',
62 silly install resolved     _from: '@angular/cli@latest' } ]
63 info install @angular/cli@6.0.8 into C:\ProgramData\Microsoft\VisualStudio\MDA\44cac3f2\taco-toolset-6.3.1
64 info installOne @angular/cli@6.0.8
65 verbose installOne of @angular/cli to C:\ProgramData\Microsoft\VisualStudio\MDA\44cac3f2\taco-toolset-6.3.1 not in flight; installing
66 verbose correctMkdir C:\Users\Engion\AppData\Roaming\npm-cache\_locks correctMkdir not in flight; initializing
67 verbose lock using C:\Users\Engion\AppData\Roaming\npm-cache\_locks\angular-cli-9fac5d769fe0f316.lock for C:\ProgramData\Microsoft\VisualStudio\MDA\44cac3f2\taco-toolset-6.3.1\node_modules\@angular\cli
68 warn engine @angular/cli@6.0.8: wanted: {"node":">= 8.9.0","npm":">= 5.5.1"} (current: {"node":"8.11.3","npm":"2.15.10"})
69 silly install write writing @angular/cli 6.0.8 to C:\ProgramData\Microsoft\VisualStudio\MDA\44cac3f2\taco-toolset-6.3.1\node_modules\@angular\cli
70 verbose unbuild node_modules\@angular\cli
71 silly gentlyRm C:\ProgramData\Microsoft\VisualStudio\MDA\44cac3f2\taco-toolset-6.3.1\node_modules\@angular\cli is being purged from base C:\ProgramData\Microsoft\VisualStudio\MDA\44cac3f2\taco-toolset-6.3.1
72 verbose gentlyRm don't care about contents; nuking C:\ProgramData\Microsoft\VisualStudio\MDA\44cac3f2\taco-toolset-6.3.1\node_modules\@angular\cli
73 verbose tar unpack C:\Users\Engion\AppData\Roaming\npm-cache\@angular\cli\6.0.8\package.tgz
74 verbose tar unpacking to C:\ProgramData\Microsoft\VisualStudio\MDA\44cac3f2\taco-toolset-6.3.1\node_modules\@angular\cli
75 silly gentlyRm C:\ProgramData\Microsoft\VisualStudio\MDA\44cac3f2\taco-toolset-6.3.1\node_modules\@angular\cli is being purged
76 verbose gentlyRm don't care about contents; nuking C:\ProgramData\Microsoft\VisualStudio\MDA\44cac3f2\taco-toolset-6.3.1\node_modules\@angular\cli
77 silly gunzTarPerm modes [ '777', '666' ]
78 error tar.unpack untar error C:\Users\Engion\AppData\Roaming\npm-cache\@angular\cli\6.0.8\package.tgz
79 verbose unlock done using C:\Users\Engion\AppData\Roaming\npm-cache\_locks\angular-cli-9fac5d769fe0f316.lock for C:\ProgramData\Microsoft\VisualStudio\MDA\44cac3f2\taco-toolset-6.3.1\node_modules\@angular\cli
80 verbose fstream_path C:\ProgramData\Microsoft\VisualStudio\MDA\44cac3f2\taco-toolset-6.3.1\node_modules\@angular\cli
81 verbose fstream_type Directory
82 verbose fstream_class DirWriter
83 verbose stack Error: EPERM: operation not permitted, mkdir 'C:\ProgramData\Microsoft\VisualStudio\MDA\44cac3f2\taco-toolset-6.3.1\node_modules\@angular'
84 verbose fstream_stack C:\ProgramData\Microsoft\VisualStudio\MDA\44cac3f2\taco-toolset-6.3.1\node_modules\npm\node_modules\fstream\lib\writer.js:171:25
84 verbose fstream_stack C:\ProgramData\Microsoft\VisualStudio\MDA\44cac3f2\taco-toolset-6.3.1\node_modules\npm\node_modules\mkdirp\index.js:47:53
84 verbose fstream_stack FSReqWrap.oncomplete (fs.js:152:21)
85 verbose cwd C:\Users\Engion\AppData\Local\Packages\CanonicalGroupLimited.UbuntuonWindows_79rhkp1fndgsc\LocalState\rootfs\home\engion\CS421-FinalProject\CS421-FinalProject
86 error Windows_NT 10.0.17134
87 error argv "C:\\Program Files\\nodejs\\node.exe" "C:\\ProgramData\\Microsoft\\VisualStudio\\MDA\\44cac3f2\\taco-toolset-6.3.1\\node_modules\\npm\\bin\\npm-cli.js" "install" "-g" "@angular/cli"
88 error node v8.11.3
89 error npm  v2.15.10
90 error path C:\ProgramData\Microsoft\VisualStudio\MDA\44cac3f2\taco-toolset-6.3.1\node_modules\@angular
91 error code EPERM
92 error errno -4048
93 error syscall mkdir
94 error Error: EPERM: operation not permitted, mkdir 'C:\ProgramData\Microsoft\VisualStudio\MDA\44cac3f2\taco-toolset-6.3.1\node_modules\@angular'
94 error  { Error: EPERM: operation not permitted, mkdir 'C:\ProgramData\Microsoft\VisualStudio\MDA\44cac3f2\taco-toolset-6.3.1\node_modules\@angular'
94 error   errno: -4048,
94 error   code: 'EPERM',
94 error   syscall: 'mkdir',
94 error   path: 'C:\\ProgramData\\Microsoft\\VisualStudio\\MDA\\44cac3f2\\taco-toolset-6.3.1\\node_modules\\@angular',
94 error   fstream_type: 'Directory',
94 error   fstream_path: 'C:\\ProgramData\\Microsoft\\VisualStudio\\MDA\\44cac3f2\\taco-toolset-6.3.1\\node_modules\\@angular\\cli',
94 error   fstream_class: 'DirWriter',
94 error   fstream_stack:
94 error    [ 'C:\\ProgramData\\Microsoft\\VisualStudio\\MDA\\44cac3f2\\taco-toolset-6.3.1\\node_modules\\npm\\node_modules\\fstream\\lib\\writer.js:171:25',
94 error      'C:\\ProgramData\\Microsoft\\VisualStudio\\MDA\\44cac3f2\\taco-toolset-6.3.1\\node_modules\\npm\\node_modules\\mkdirp\\index.js:47:53',
94 error      'FSReqWrap.oncomplete (fs.js:152:21)' ] }
95 error Please try running this command again as root/Administrator.
96 verbose exit [ -4048, true ]
97 verbose unbuild node_modules\@angular\cli
98 silly gentlyRm C:\ProgramData\Microsoft\VisualStudio\MDA\44cac3f2\taco-toolset-6.3.1\node_modules\@angular\cli is being purged from base C:\ProgramData\Microsoft\VisualStudio\MDA\44cac3f2\taco-toolset-6.3.1
99 verbose gentlyRm don't care about contents; nuking C:\ProgramData\Microsoft\VisualStudio\MDA\44cac3f2\taco-toolset-6.3.1\node_modules\@angular\cli
